<?xml version="1.0" encoding="UTF-8"?>
<testsuites>
  <testsuite name="Test Suite" tests="19" assertions="35" failures="0" errors="0" time="0.005858">
    <testsuite name="ArtesanatoSoftware\BuracosTextoTest" file="/Users/eminetto/Documents/Projects/phpci-test/tests/ArtesanatoSoftware/BuracosTextoTest.php" namespace="ArtesanatoSoftware" fullPackage="ArtesanatoSoftware" tests="9" assertions="10" failures="0" errors="0" time="0.003962">
      <testcase name="testZeroBuracos" class="ArtesanatoSoftware\BuracosTextoTest" file="/Users/eminetto/Documents/Projects/phpci-test/tests/ArtesanatoSoftware/BuracosTextoTest.php" line="6" assertions="1" time="0.003372"/>
      <testcase name="testZeroBuracosComEspaco" class="ArtesanatoSoftware\BuracosTextoTest" file="/Users/eminetto/Documents/Projects/phpci-test/tests/ArtesanatoSoftware/BuracosTextoTest.php" line="13" assertions="1" time="0.000106"/>
      <testcase name="testUmBuraco" class="ArtesanatoSoftware\BuracosTextoTest" file="/Users/eminetto/Documents/Projects/phpci-test/tests/ArtesanatoSoftware/BuracosTextoTest.php" line="20" assertions="1" time="0.000078"/>
      <testcase name="testZeroBuracoB" class="ArtesanatoSoftware\BuracosTextoTest" file="/Users/eminetto/Documents/Projects/phpci-test/tests/ArtesanatoSoftware/BuracosTextoTest.php" line="27" assertions="1" time="0.000066"/>
      <testcase name="testZeroBuracoAB" class="ArtesanatoSoftware\BuracosTextoTest" file="/Users/eminetto/Documents/Projects/phpci-test/tests/ArtesanatoSoftware/BuracosTextoTest.php" line="34" assertions="1" time="0.000063"/>
      <testcase name="testZeroBuracoC" class="ArtesanatoSoftware\BuracosTextoTest" file="/Users/eminetto/Documents/Projects/phpci-test/tests/ArtesanatoSoftware/BuracosTextoTest.php" line="41" assertions="1" time="0.000062"/>
      <testcase name="testTextoComEspacos" class="ArtesanatoSoftware\BuracosTextoTest" file="/Users/eminetto/Documents/Projects/phpci-test/tests/ArtesanatoSoftware/BuracosTextoTest.php" line="48" assertions="1" time="0.000065"/>
      <testcase name="testTextoMaiusculo" class="ArtesanatoSoftware\BuracosTextoTest" file="/Users/eminetto/Documents/Projects/phpci-test/tests/ArtesanatoSoftware/BuracosTextoTest.php" line="55" assertions="2" time="0.000080"/>
      <testcase name="testTextoQuebraDeLinha" class="ArtesanatoSoftware\BuracosTextoTest" file="/Users/eminetto/Documents/Projects/phpci-test/tests/ArtesanatoSoftware/BuracosTextoTest.php" line="65" assertions="1" time="0.000070"/>
    </testsuite>
    <testsuite name="ArtesanatoSoftware\CaixaEletronicoTest" file="/Users/eminetto/Documents/Projects/phpci-test/tests/ArtesanatoSoftware/CaixaEletronicoTest.php" namespace="ArtesanatoSoftware" fullPackage="ArtesanatoSoftware" tests="9" assertions="24" failures="0" errors="0" time="0.001499">
      <testcase name="testDez" class="ArtesanatoSoftware\CaixaEletronicoTest" file="/Users/eminetto/Documents/Projects/phpci-test/tests/ArtesanatoSoftware/CaixaEletronicoTest.php" line="8" assertions="2" time="0.000509"/>
      <testcase name="testVinte" class="ArtesanatoSoftware\CaixaEletronicoTest" file="/Users/eminetto/Documents/Projects/phpci-test/tests/ArtesanatoSoftware/CaixaEletronicoTest.php" line="16" assertions="2" time="0.000091"/>
      <testcase name="testTrinta" class="ArtesanatoSoftware\CaixaEletronicoTest" file="/Users/eminetto/Documents/Projects/phpci-test/tests/ArtesanatoSoftware/CaixaEletronicoTest.php" line="24" assertions="3" time="0.000101"/>
      <testcase name="testQuarenta" class="ArtesanatoSoftware\CaixaEletronicoTest" file="/Users/eminetto/Documents/Projects/phpci-test/tests/ArtesanatoSoftware/CaixaEletronicoTest.php" line="33" assertions="3" time="0.000086"/>
      <testcase name="testCinquenta" class="ArtesanatoSoftware\CaixaEletronicoTest" file="/Users/eminetto/Documents/Projects/phpci-test/tests/ArtesanatoSoftware/CaixaEletronicoTest.php" line="42" assertions="2" time="0.000066"/>
      <testcase name="testOitenta" class="ArtesanatoSoftware\CaixaEletronicoTest" file="/Users/eminetto/Documents/Projects/phpci-test/tests/ArtesanatoSoftware/CaixaEletronicoTest.php" line="50" assertions="4" time="0.000085"/>
      <testcase name="testCem" class="ArtesanatoSoftware\CaixaEletronicoTest" file="/Users/eminetto/Documents/Projects/phpci-test/tests/ArtesanatoSoftware/CaixaEletronicoTest.php" line="60" assertions="2" time="0.000063"/>
      <testcase name="testCentoETrinta" class="ArtesanatoSoftware\CaixaEletronicoTest" file="/Users/eminetto/Documents/Projects/phpci-test/tests/ArtesanatoSoftware/CaixaEletronicoTest.php" line="68" assertions="4" time="0.000083"/>
      <testcase name="testSetentaECinco" class="ArtesanatoSoftware\CaixaEletronicoTest" file="/Users/eminetto/Documents/Projects/phpci-test/tests/ArtesanatoSoftware/CaixaEletronicoTest.php" line="82" assertions="2" time="0.000415"/>
    </testsuite>
    <testsuite name="ArtesanatoSoftware\CalculatorTest" file="/Users/eminetto/Documents/Projects/phpci-test/tests/ArtesanatoSoftware/CalculatorTest.php" namespace="ArtesanatoSoftware" fullPackage="ArtesanatoSoftware" tests="1" assertions="1" failures="0" errors="0" time="0.000397">
      <testcase name="testSum" class="ArtesanatoSoftware\CalculatorTest" file="/Users/eminetto/Documents/Projects/phpci-test/tests/ArtesanatoSoftware/CalculatorTest.php" line="6" assertions="1" time="0.000397"/>
    </testsuite>
  </testsuite>
</testsuites>
